59.0 APEX_CODE,FINEST;APEX_PROFILING,FINEST;CALLOUT,FINEST;DB,FINEST;NBA,FINE;SYSTEM,FINE;VALIDATION,INFO;VISUALFORCE,FINER;WAVE,FINER;WORKFLOW,FINER
13:35:20.0 (265061)|USER_INFO|[EXTERNAL]|005Hp00000ffJYw|df23-euc-cpq33@industryapps.edu|(GMT+00:00) Greenwich Mean Time (GMT)|GMTZ
13:35:20.0 (227297716)|SOQL_EXECUTE_BEGIN|[273]|Aggregations:0| SELECT pricebookentry.product2.attributedefaultvalues__c,vlocity_cmt__attributeselectedvalues__c FROM OrderItem WHERE  Orderid = '801Hp00000OxjUsIAJ' 
13:35:20.0 (245652156)|SOQL_EXECUTE_EXPLAIN|[273]|No explain plan is available
13:35:20.0 (245674276)|SOQL_EXECUTE_END|[273]|Rows:1
13:35:20.0 (346269404)|SOQL_EXECUTE_BEGIN|[300]|Aggregations:1|Select AccountId, Id ,Name,Status,OrderNumber,Account.Id,Account.Name,Account.PhotoUrl,ShippingAddress,ShipToContact.Name,Email__c,Phone__c,EffectiveRecurringTotal__c,EffectiveOneTimeTotal__c,EffectiveOrderTotal__c,PriceListId__c,PriceListId__r.Name,PriceListId__r.CurrencyCode__c,PriceListId__r.LoyaltyCode__c,OrderStatus__c,IsChangesAllowed__c,SupersededOrderId__c,OriginatingContractId__c,SupplementalAction__c,RecordType.Name,AsyncOperation__c,OneTimeMarginTotal__c,RecurringMarginTotal__c,OrderMarginTotal__c,EffectiveUsagePriceTotal__c,EffectiveUsageCostTotal__c,UsageMarginTotal__c,(SELECT Id FROM SupersededOrder__r WHERE OrderStatus__c != 'Rejected') FROM Order WHERE Id = '801Hp00000OxjUsIAJ'
13:35:20.0 (380351274)|SOQL_EXECUTE_EXPLAIN|[300]|No explain plan is available
13:35:20.0 (380369284)|SOQL_EXECUTE_END|[300]|Rows:1
13:35:20.0 (403011944)|SOQL_EXECUTE_BEGIN|[416]|Aggregations:0|SELECT Id, Name, RecordType.DeveloperName, RootAccountId__c FROM Account WHERE Id = :tmpVar1 LIMIT 1
13:35:20.0 (411093101)|SOQL_EXECUTE_EXPLAIN|[416]|No explain plan is available
13:35:20.0 (411112060)|SOQL_EXECUTE_END|[416]|Rows:1
13:35:20.0 (537488062)|SOQL_EXECUTE_BEGIN|[101]|Aggregations:1|SELECT Name,Status,OrderNumber,AccountId,Account.Id,Account.Name,Account.PhotoUrl,ShippingAddress,ShipToContact.Name,vlocity_cmt__Email__c,vlocity_cmt__Phone__c,vlocity_cmt__EffectiveRecurringTotal__c,vlocity_cmt__EffectiveOneTimeTotal__c,vlocity_cmt__EffectiveOrderTotal__c,vlocity_cmt__PriceListId__c,vlocity_cmt__PriceListId__r.Name,vlocity_cmt__PriceListId__r.vlocity_cmt__CurrencyCode__c,vlocity_cmt__PriceListId__r.vlocity_cmt__LoyaltyCode__c,vlocity_cmt__OrderStatus__c,vlocity_cmt__IsChangesAllowed__c,vlocity_cmt__SupersededOrderId__c,vlocity_cmt__OriginatingContractId__c,vlocity_cmt__SupplementalAction__c,ContractId,vlocity_cmt__OrderGroupId__r.vlocity_cmt__MultiServiceMessageData__c,vlocity_cmt__OrderGroupId__r.vlocity_cmt__HasUnappliedGroupItems__c,vlocity_cmt__OrderGroupId__r.vlocity_cmt__HasUnappliedMembers__c,vlocity_cmt__MultiServiceMessageData__c,RecordType.DeveloperName,(SELECT Id FROM SupersededOrder__r WHERE OrderStatus__c NOT IN ('Rejected', 'Discarded')) FROM Order WHERE Id = :cartId
13:35:20.0 (563856409)|SOQL_EXECUTE_EXPLAIN|[101]|No explain plan is available
13:35:20.0 (563875164)|SOQL_EXECUTE_END|[101]|Rows:1
13:35:20.0 (568215303)|SOQL_EXECUTE_BEGIN|[1243]|Aggregations:0|Select Id,vlocity_cmt__LineNumber__c,AssetReferenceId__c,PriceBookEntry.Product2.Name,PriceBookEntry.Product2.ProductCode,PriceBookEntry.Product2.Id,PriceBookEntry.Product2.Type__c,PriceBookEntry.Product2.GlobalGroupKey__c,PriceBookEntryId,PriceBookEntry.Pricebook2Id,ListPrice,UnitPrice,Quantity,pricebookentry.product2.vlocity_cmt__attributedefaultvalues__c,pricebookentry.product2.vlocity_cmt__attributemetadata__c,vlocity_cmt__attributemetadatachanges__c,vlocity_cmt__attributeselectedvalues__c,vlocity_cmt__OneTimeCharge__c, vlocity_cmt__JSONNode__c, vlocity_cmt__Query__c, vlocity_cmt__Filter__c, vlocity_cmt__OneTimeCalculatedPrice__c,vlocity_cmt__OneTimeManualDiscount__c,vlocity_cmt__OneTimeTotal__c,vlocity_cmt__ProductHierarchyPath__c,vlocity_cmt__RecurringCharge__c,vlocity_cmt__RecurringCalculatedPrice__c,vlocity_cmt__RecurringManualDiscount__c,vlocity_cmt__RecurringDiscountPrice__c,vlocity_cmt__RecurringTotal__c,vlocity_cmt__RootItemId__c,vlocity_cmt__ParentItemId__c,vlocity_cmt__CpqMessageData__c,vlocity_cmt__CpqCardinalityMessage__c,vlocity_cmt__CpqPricingMessage__c,vlocity_cmt__Action__c,vlocity_cmt__ServiceAccountId__r.Name,vlocity_cmt__ServiceAccountId__r.Id,vlocity_cmt__BillingAccountId__r.Name,vlocity_cmt__BillingAccountId__r.Id,vlocity_cmt__CurrencyPaymentMode__c,vlocity_cmt__PricingLogData__c FROM OrderItem WHERE OrderId = '801Hp00000OxjUsIAJ'
13:35:20.0 (597849135)|SOQL_EXECUTE_EXPLAIN|[1243]|No explain plan is available
13:35:20.0 (597866042)|SOQL_EXECUTE_END|[1243]|Rows:1
13:35:20.0 (601545758)|SOQL_EXECUTE_BEGIN|[225]|Aggregations:0|Select Id,vlocity_cmt__attributedefaultvalues__c,vlocity_cmt__attributemetadata__c FROM Product2 WHERE Id IN :toBeQueriedIds
13:35:20.0 (606651014)|SOQL_EXECUTE_EXPLAIN|[225]|Index on Product2 : [Id], cardinality: 1, sobjectCardinality: 39, relativeCost 0.083
13:35:20.0 (606666302)|SOQL_EXECUTE_END|[225]|Rows:1
13:35:20.0 (607906394)|SOQL_EXECUTE_BEGIN|[237]|Aggregations:0|SELECT Id, EntityFilterId__c, ProductId__c, ProductGroupKey__c, ActionParameters__c FROM ProductConfigurationProcedure__c WHERE ProductGroupKey__c IN :toBeQueriedGlobalKeys
13:35:20.0 (613289664)|SOQL_EXECUTE_EXPLAIN|[237]|TableScan on Product2 : [], cardinality: 0, sobjectCardinality: 39, relativeCost 31.667
13:35:20.0 (613303779)|SOQL_EXECUTE_END|[237]|Rows:0
13:35:20.0 (616539989)|SOQL_EXECUTE_BEGIN|[225]|Aggregations:0|SELECT Id FROM Rule__c WHERE Type__c = 'Attributes Configuration' AND isActive__c = true AND  ObjectName__c = 'Order'
13:35:20.0 (621221619)|SOQL_EXECUTE_EXPLAIN|[225]|TableScan on vlocity_cmt__Rule__c : [], cardinality: 0, sobjectCardinality: 3, relativeCost 1
13:35:20.0 (621235595)|SOQL_EXECUTE_END|[225]|Rows:0
13:35:20.0 (695826936)|SOQL_EXECUTE_BEGIN|[1037]|Aggregations:0|SELECT Id, ApprovalStatus__c, Name, ReferenceNumber__c, DiscountType__c, Status__c FROM OrderDiscount__c WHERE OrderId__c = :cartId AND ( EffectiveStartDate__c = null OR EffectiveStartDate__c < :timeNow ) 
13:35:20.0 (701471900)|SOQL_EXECUTE_EXPLAIN|[1037]|Index on vlocity_cmt__OrderDiscount__c : [vlocity_cmt__OrderId__c], cardinality: 0, sobjectCardinality: 1, relativeCost 0
13:35:20.0 (701491182)|SOQL_EXECUTE_END|[1037]|Rows:0
13:35:20.0 (703084848)|SOQL_EXECUTE_BEGIN|[1062]|Aggregations:0|SELECT Id FROM AccountDiscount__C WHERE AccountId__c = :accountId AND ( EffectiveStartDate__c = null OR EffectiveStartDate__c < :timeNow )  AND ( EffectiveEndDate__c = null OR EffectiveEndDate__c > :timeNow ) 
13:35:20.0 (707961062)|SOQL_EXECUTE_EXPLAIN|[1062]|Index on vlocity_cmt__AccountDiscount__c : [vlocity_cmt__AccountId__c], cardinality: 0, sobjectCardinality: 1, relativeCost 0
13:35:20.0 (707975620)|SOQL_EXECUTE_END|[1062]|Rows:0
13:35:20.0 (711604104)|SOQL_EXECUTE_BEGIN|[956]|Aggregations:0|SELECT ID,AccountId,OriginatingContractId__c FROM Order WHERE Id IN ('801Hp00000OxjUsIAJ')
13:35:20.0 (718030848)|SOQL_EXECUTE_EXPLAIN|[956]|Index on Order : [Id], cardinality: 1, sobjectCardinality: 23, relativeCost 0.167
13:35:20.0 (718046248)|SOQL_EXECUTE_END|[956]|Rows:1
13:35:20.0 (725303161)|SOQL_EXECUTE_BEGIN|[165]|Aggregations:1|Select Id,name , (SELECT Id FROM vlocity_cmt__Contract_Versions__r where vlocity_cmt__Status__c =: versionStatus)  from Contract  where startDate <=: currentDate AND (EndDate >=: currentDate OR EndDate=NULL) AND AccountId='001Hp00002cf1CVIAY' AND vlocity_cmt__IsFrameContract__c=true AND Status IN :contractStatus 
13:35:20.0 (735281294)|SOQL_EXECUTE_EXPLAIN|[165]|Index on Contract : [AccountId], cardinality: 3, sobjectCardinality: 38, relativeCost 0.25
13:35:20.0 (735297446)|SOQL_EXECUTE_END|[165]|Rows:0
13:35:20.0 (741723493)|SOQL_EXECUTE_BEGIN|[200]|Aggregations:2|SELECT Name,vlocity_cmt__AppliesToAllItems__c,vlocity_cmt__Description__c,vlocity_cmt__EffectiveEndDate__c,vlocity_cmt__EffectiveStartDate__c,vlocity_cmt__ContractVersionId__c,vlocity_cmt__ReferenceNumber__c, (SELECT Id, Name, vlocity_cmt__Description__c, vlocity_cmt__CatalogCategoryId__c,vlocity_cmt__CatalogCategoryId__r.Name, vlocity_cmt__ProductId__c, vlocity_cmt__ProductId__r.Name, vlocity_cmt__ProductId__r.vlocity_cmt__GlobalGroupKey__c, vlocity_cmt__ContractVersionDiscountId__c FROM vlocity_cmt__ContractVersionDiscountItems__r), (SELECT Name, Id, vlocity_cmt__AdjustmentValue__c, vlocity_cmt__Amount__c, vlocity_cmt__TimePolicyId__c, vlocity_cmt__TimePolicyId__r.Name, vlocity_cmt__TimePlanId__c, vlocity_cmt__TimePlanId__r.Name, vlocity_cmt__TimePlanId__r.vlocity_cmt__TotalDuration__c, vlocity_cmt__TimePlanId__r.vlocity_cmt__TotalDurationUoM__c, vlocity_cmt__ContractVersionDiscountId__c, vlocity_cmt__PricingVariableId__r.id, vlocity_cmt__PricingVariableId__r.name, vlocity_cmt__PricingVariableId__r.vlocity_cmt__IsActive__c, vlocity_cmt__PricingVariableId__r.vlocity_cmt__AdjustmentMethod__c, vlocity_cmt__PricingVariableId__r.vlocity_cmt__Aggregation__c, vlocity_cmt__PricingVariableId__r.vlocity_cmt__AppliesTo__c, vlocity_cmt__PricingVariableId__r.vlocity_cmt__AppliesToVariableId__c, vlocity_cmt__PricingVariableId__r.vlocity_cmt__ChargeType__c, vlocity_cmt__PricingVariableId__r.vlocity_cmt__Code__c, vlocity_cmt__PricingVariableId__r.vlocity_cmt__CurrencyType__c, vlocity_cmt__PricingVariableId__r.vlocity_cmt__Description__c, vlocity_cmt__PricingVariableId__r.vlocity_cmt__RecurringFrequency__c, vlocity_cmt__PricingVariableId__r.vlocity_cmt__Scope__c, vlocity_cmt__PricingVariableId__r.vlocity_cmt__SubType__c, vlocity_cmt__PricingVariableId__r.vlocity_cmt__Type__c, vlocity_cmt__PricingVariableId__r.vlocity_cmt__ValueType__c, vlocity_cmt__PricingVariableId__r.vlocity_cmt__AppliesToVariableId__r.vlocity_cmt__ChargeType__c FROM vlocity_cmt__ContractVersionDiscountPricing__r)  FROM vlocity_cmt__ContractVersionDiscount__c WHERE vlocity_cmt__ContractVersionId__c =: parentIdList AND ((vlocity_cmt__EffectiveStartDate__c = NULL OR vlocity_cmt__EffectiveStartDate__c <=: currentDate) AND (vlocity_cmt__EffectiveEndDate__c >=: currentDate OR vlocity_cmt__EffectiveEndDate__c = NULL))  ORDER BY Id DESC 
13:35:20.0 (744975584)|SOQL_EXECUTE_EXPLAIN|[200]|No explain plan is available
13:35:20.0 (744994295)|SOQL_EXECUTE_END|[200]|Rows:0
13:35:20.0 (855419287)|SOQL_EXECUTE_BEGIN|[575]|Aggregations:0|Select Id,Name from account where (RootAccountId__c = '001Hp00002cf1CaIAI' Or Id = '001Hp00002cf1CaIAI' ) and RecordType.DeveloperName in ('Business','Service','ServiceAggregator','Consumer')  LIMIT 20 
13:35:20.0 (865991503)|SOQL_EXECUTE_EXPLAIN|[575]|Other on Account : [], cardinality: 18, sobjectCardinality: 188, relativeCost 0.947
13:35:20.0 (866010279)|SOQL_EXECUTE_END|[575]|Rows:16
13:35:20.0 (931403305)|SOQL_EXECUTE_BEGIN|[273]|Aggregations:0| SELECT pricebookentry.product2.attributedefaultvalues__c,vlocity_cmt__attributeselectedvalues__c FROM OrderItem WHERE  Orderid = '801Hp00000OxjUsIAJ' 
13:35:20.0 (944972505)|SOQL_EXECUTE_EXPLAIN|[273]|No explain plan is available
13:35:20.0 (944991354)|SOQL_EXECUTE_END|[273]|Rows:1
13:35:20.0 (980577547)|SOQL_EXECUTE_BEGIN|[956]|Aggregations:0|SELECT Id,ContractId,AccountId,Pricebook2Id,OriginalOrderId,RecordTypeId,EffectiveDate,EndDate,IsReductionOrder,Status,Description,CustomerAuthorizedById,CustomerAuthorizedDate,CompanyAuthorizedById,CompanyAuthorizedDate,Type,BillingStreet,BillingCity,BillingState,BillingPostalCode,BillingCountry,BillingLatitude,BillingLongitude,BillingAddress,ShippingStreet,ShippingCity,ShippingState,ShippingPostalCode,ShippingCountry,ShippingLatitude,ShippingLongitude,ShippingAddress,Name,PoDate,PoNumber,OrderReferenceNumber,BillToContactId,ShipToContactId,ActivatedDate,ActivatedById,OrderNumber,TotalAmount,CreatedDate,LastViewedDate,LastReferencedDate,vlocity_cmt__AccountId__c,vlocity_cmt__AccountRecordType__c,vlocity_cmt__AccountSLA__c,vlocity_cmt__AsyncJobId__c,vlocity_cmt__AsyncOperation__c,vlocity_cmt__BillingName__c,vlocity_cmt__CampaignId__c,vlocity_cmt__CartIdentifier__c,vlocity_cmt__CreatedByAPI__c,vlocity_cmt__CreditCheckDecision__c,vlocity_cmt__CustomerOriginatedById__c,vlocity_cmt__DefaultBillingAccountId__c,vlocity_cmt__DefaultCurrencyPaymentMode__c,vlocity_cmt__DefaultPremisesId__c,vlocity_cmt__DefaultServiceAccountId__c,vlocity_cmt__DefaultServicePointId__c,vlocity_cmt__DeliveryMethod__c,vlocity_cmt__Delivery_Installation_Status__c,vlocity_cmt__Discount__c,vlocity_cmt__DueDate__c,vlocity_cmt__EffectiveBaseOneTimeCharge__c,vlocity_cmt__EffectiveBaseRecurringCharge__c,vlocity_cmt__EffectiveOneTimeCostTotal__c,vlocity_cmt__EffectiveOneTimeLoyaltyTotal__c,vlocity_cmt__EffectiveOrderTotal__c,vlocity_cmt__EffectiveRecurringCostTotal__c,vlocity_cmt__EffectiveUsageCostTotal__c,vlocity_cmt__EffectiveUsagePriceTotal__c,vlocity_cmt__Email__c,vlocity_cmt__ExpirationDate__c,vlocity_cmt__ExternalPricingStatus__c,vlocity_cmt__Fax__c,vlocity_cmt__FirstSubmitAttemptTs__c,vlocity_cmt__FirstVersionOrderIdentifier__c,vlocity_cmt__ForceSupplementals__c,vlocity_cmt__FrameContractId__c,vlocity_cmt__FulfilmentStatus__c,vlocity_cmt__IsActiveOrderVersion__c,vlocity_cmt__IsChangesAccepted__c,vlocity_cmt__IsChangesAllowed__c,vlocity_cmt__IsContractRequired__c,vlocity_cmt__IsPriced__c,vlocity_cmt__IsSyncing__c,vlocity_cmt__IsValidated__c,vlocity_cmt__JeopardySafetyIntervalUnit__c,vlocity_cmt__JeopardySafetyInterval__c,vlocity_cmt__JeopardyStatus__c,vlocity_cmt__LastPricedAt__c,vlocity_cmt__LeadSource__c,vlocity_cmt__LockedBy__c,vlocity_cmt__LockedFor__c,vlocity_cmt__MasterOrderName__c,vlocity_cmt__MaxCatalogueDeltaObjectIndex__c,vlocity_cmt__MultiServiceMessageData__c,vlocity_cmt__Notes__c,vlocity_cmt__NumberOfContractedMonths__c,vlocity_cmt__OneTimeLoyaltyTotal__c,vlocity_cmt__OneTimeMarginTotal__c,vlocity_cmt__OneTimeTotal2__c,vlocity_cmt__OpportunityId__c,vlocity_cmt__OrchestrationPlanId__c,vlocity_cmt__OrchestrationPlanReferenceId__c,vlocity_cmt__OrderGroupId__c,vlocity_cmt__OrderGroup__c,vlocity_cmt__OrderMarginTotal__c,vlocity_cmt__OrderStatus__c,vlocity_cmt__OrderTotal__c,vlocity_cmt__OriginatingChannel__c,vlocity_cmt__OriginatingContactId__c,vlocity_cmt__OriginatingContractId__c,vlocity_cmt__ParentOrderId__c,vlocity_cmt__Phone__c,vlocity_cmt__PriceListId__c,vlocity_cmt__Pricebook__c,vlocity_cmt__ProcessingLog__c,vlocity_cmt__QueuedTs__c,vlocity_cmt__QuoteId__c,vlocity_cmt__QuoteToCity__c,vlocity_cmt__QuoteToCountry__c,vlocity_cmt__QuoteToName__c,vlocity_cmt__QuoteToPostalCode__c,vlocity_cmt__QuoteToState__c,vlocity_cmt__QuoteToStreet__c,vlocity_cmt__Reason__c,vlocity_cmt__RecurringMarginTotal__c,vlocity_cmt__RecurringTotal2__c,vlocity_cmt__RequestDate__c,vlocity_cmt__RequestedCompletionDate__c,vlocity_cmt__RequestedStartDate__c,vlocity_cmt__ShippingName__c,vlocity_cmt__ShippingPostalCode__c,vlocity_cmt__ShippingState__c,vlocity_cmt__StatusImageName__c,vlocity_cmt__SubmittedToOmDate__c,vlocity_cmt__SupersededOrderId__c,vlocity_cmt__SupplementalAction__c,vlocity_cmt__Tax__c,vlocity_cmt__ThorJeopardyStatus__c,vlocity_cmt__TrackingNumber__c,vlocity_cmt__UsageMarginTotal__c,vlocity_cmt__ValidationDate__c,vlocity_cmt__ValidationMessage__c,vlocity_cmt__ValidationStatus__c,vlocity_cmt__EffectiveOneTimeTotal__c,vlocity_cmt__EffectiveRecurringTotal__c,vlocity_cmt__OneTimeTotal__c,vlocity_cmt__RecurringTotal__c,vlocity_cmt__TotalMonthlyDiscount__c,vlocity_cmt__TotalOneTimeDiscount__c,vlocity_cmt__CartContextValues__c,vlocity_cmt__OrchestrationMethod__c,vlocity_cmt__EnterpriseOrderId__c FROM Order WHERE Id IN ('801Hp00000OxjUsIAJ')
13:35:21.5 (1005703793)|SOQL_EXECUTE_EXPLAIN|[956]|Index on Order : [Id], cardinality: 1, sobjectCardinality: 23, relativeCost 0.167
13:35:21.5 (1005727649)|SOQL_EXECUTE_END|[956]|Rows:1
13:35:21.5 (1008043191)|SOQL_EXECUTE_BEGIN|[62]|Aggregations:0|Select Id,Name FROM vlocity_cmt__PriceList__c WHERE vlocity_cmt__ParentPriceListId__c = null AND vlocity_cmt__IsActive__c = TRUE AND (vlocity_cmt__EffectiveFromDate__c = null OR  vlocity_cmt__EffectiveFromDate__c <= TODAY) AND (vlocity_cmt__EffectiveUntilDate__c = null OR vlocity_cmt__EffectiveUntilDate__c >= TODAY)  AND vlocity_cmt__Pricebook2Id__c = :pricebookId ORDER BY Id  LIMIT 20
13:35:21.5 (1014651013)|SOQL_EXECUTE_EXPLAIN|[62]|TableScan on vlocity_cmt__PriceList__c : [], cardinality: 0, sobjectCardinality: 2, relativeCost 0
13:35:21.5 (1014667916)|SOQL_EXECUTE_END|[62]|Rows:1
13:35:21.5 (1022809344)|SOQL_EXECUTE_BEGIN|[225]|Aggregations:0|SELECT Id, Name, ConditionWeight__c FROM ContextDimension__c LIMIT 500
13:35:21.5 (1026423576)|SOQL_EXECUTE_EXPLAIN|[225]|TableScan on vlocity_cmt__ContextDimension__c : [], cardinality: 1, sobjectCardinality: 1, relativeCost 0.65
13:35:21.5 (1026440240)|SOQL_EXECUTE_END|[225]|Rows:1
13:35:21.5 (1029429862)|SOQL_EXECUTE_BEGIN|[154]|Aggregations:0|SELECT DataType__c, vlocity_cmt__VlocityFunctionId__c, VlocityFunctionId__r.Name FROM VlocityFunctionArgument__c WHERE Direction__c = 'Output'
13:35:21.5 (1033675532)|SOQL_EXECUTE_EXPLAIN|[154]|TableScan on vlocity_cmt__VlocityFunctionArgument__c : [], cardinality: 0, sobjectCardinality: 1, relativeCost 0
13:35:21.5 (1033692944)|SOQL_EXECUTE_END|[154]|Rows:0
13:35:21.5 (1069069923)|SOQL_EXECUTE_BEGIN|[259]|Aggregations:0|Select DeveloperName, ClassName__c, MethodName__c from FunctionDefinition__mdt
13:35:21.5 (1072632059)|SOQL_EXECUTE_EXPLAIN|[259]|No explain plan is available
13:35:21.5 (1072648716)|SOQL_EXECUTE_END|[259]|Rows:10
